#! /usr/bin/vvp
:ivl_version "12.0 (stable)";
:ivl_delay_selection "TYPICAL";
:vpi_time_precision + 0;
:vpi_module "/usr/lib/x86_64-linux-gnu/ivl/system.vpi";
:vpi_module "/usr/lib/x86_64-linux-gnu/ivl/vhdl_sys.vpi";
:vpi_module "/usr/lib/x86_64-linux-gnu/ivl/vhdl_textio.vpi";
:vpi_module "/usr/lib/x86_64-linux-gnu/ivl/v2005_math.vpi";
:vpi_module "/usr/lib/x86_64-linux-gnu/ivl/va_math.vpi";
S_0x630e401c1230 .scope module, "teste_tb" "teste_tb" 2 1;
 .timescale 0 0;
v0x630e401cffc0_0 .var "a", 0 0;
v0x630e401d0060_0 .net "b", 0 0, L_0x630e401d0130;  1 drivers
S_0x630e401c13c0 .scope module, "uut" "teste" 2 5, 3 1 0, S_0x630e401c1230;
 .timescale 0 0;
    .port_info 0 /INPUT 1 "a";
    .port_info 1 /OUTPUT 1 "b";
L_0x630e401d0130 .functor BUFZ 1, v0x630e401cffc0_0, C4<0>, C4<0>, C4<0>;
v0x630e4018a400_0 .net "a", 0 0, v0x630e401cffc0_0;  1 drivers
v0x630e401cfea0_0 .net "b", 0 0, L_0x630e401d0130;  alias, 1 drivers
    .scope S_0x630e401c1230;
T_0 ;
    %pushi/vec4 0, 0, 1;
    %assign/vec4 v0x630e401cffc0_0, 0;
    %delay 10, 0;
    %vpi_call 2 10 "$display", "b: %b", v0x630e401d0060_0 {0 0 0};
    %end;
    .thread T_0;
# The file index is used to find the file name in the following table.
:file_names 4;
    "N/A";
    "<interactive>";
    "teste_tb.v";
    "teste.v";
